<?xml version="1.0" encoding="UTF-8"?>
<testsuite name="it.hackcaffebabe.ioutil.normalizer.TestStringNormalizer" tests="9" skipped="0" failures="0" errors="0" timestamp="2014-10-13T12:47:31" hostname="voyager" time="0.008">
  <properties/>
  <testcase name="testRemovingAccentedCharacters" classname="it.hackcaffebabe.ioutil.normalizer.TestStringNormalizer" time="0.001"/>
  <testcase name="testRemovingFileExtension" classname="it.hackcaffebabe.ioutil.normalizer.TestStringNormalizer" time="0.001"/>
  <testcase name="testRemovingPathCharacters" classname="it.hackcaffebabe.ioutil.normalizer.TestStringNormalizer" time="0.001"/>
  <testcase name="testRemovingAccentedCharactersFromEmptyString" classname="it.hackcaffebabe.ioutil.normalizer.TestStringNormalizer" time="0.0"/>
  <testcase name="testRemovingAccentedCharactersFromNullString" classname="it.hackcaffebabe.ioutil.normalizer.TestStringNormalizer" time="0.001"/>
  <testcase name="testRemovingFileExtensionFromEmptyString" classname="it.hackcaffebabe.ioutil.normalizer.TestStringNormalizer" time="0.001"/>
  <testcase name="testRemovingFileExtensionFromNullString" classname="it.hackcaffebabe.ioutil.normalizer.TestStringNormalizer" time="0.001"/>
  <testcase name="testRemovingPathCharactersFromEmptyString" classname="it.hackcaffebabe.ioutil.normalizer.TestStringNormalizer" time="0.0"/>
  <testcase name="testRemovingPathCharactersFromNullString" classname="it.hackcaffebabe.ioutil.normalizer.TestStringNormalizer" time="0.0"/>
  <system-out><![CDATA[]]></system-out>
  <system-err><![CDATA[]]></system-err>
</testsuite>
