<?xml version="1.0" encoding="UTF-8"?>
<testsuite name="it.hackcaffebabe.ioutil.file.TestIOSerializable" tests="9" skipped="0" failures="0" errors="0" timestamp="2014-10-13T12:47:31" hostname="voyager" time="0.007">
  <properties/>
  <testcase name="testSaveWithNullObject" classname="it.hackcaffebabe.ioutil.file.TestIOSerializable" time="0.001"/>
  <testcase name="testSaveAndLoad" classname="it.hackcaffebabe.ioutil.file.TestIOSerializable" time="0.002"/>
  <testcase name="testLoadIfNotExistingFile" classname="it.hackcaffebabe.ioutil.file.TestIOSerializable" time="0.0"/>
  <testcase name="testSaveWithPathInvalid" classname="it.hackcaffebabe.ioutil.file.TestIOSerializable" time="0.0"/>
  <testcase name="testLoadFromClassToCastNull" classname="it.hackcaffebabe.ioutil.file.TestIOSerializable" time="0.0"/>
  <testcase name="testSaveWithPathNull" classname="it.hackcaffebabe.ioutil.file.TestIOSerializable" time="0.0"/>
  <testcase name="testLoadFromDifferentClass" classname="it.hackcaffebabe.ioutil.file.TestIOSerializable" time="0.001"/>
  <testcase name="testLoadFromNullPath" classname="it.hackcaffebabe.ioutil.file.TestIOSerializable" time="0.001"/>
  <testcase name="testLoadFromInvalidPath" classname="it.hackcaffebabe.ioutil.file.TestIOSerializable" time="0.0"/>
  <system-out><![CDATA[]]></system-out>
  <system-err><![CDATA[]]></system-err>
</testsuite>
