<?xml version="1.0" encoding="UTF-8"?>
<testsuite name="it.hackcaffebabe.ioutil.normalizer.TestStringNormalizer" tests="9" skipped="0" failures="0" errors="0" timestamp="2014-10-08T14:22:57" hostname="voyager" time="0.006">
  <properties/>
  <testcase name="canRemoveFileExtensionFromNullString" classname="it.hackcaffebabe.ioutil.normalizer.TestStringNormalizer" time="0.001"/>
  <testcase name="canRemovePathCharactersFromEmptyString" classname="it.hackcaffebabe.ioutil.normalizer.TestStringNormalizer" time="0.0"/>
  <testcase name="canRemovePathCharactersFromNullString" classname="it.hackcaffebabe.ioutil.normalizer.TestStringNormalizer" time="0.0"/>
  <testcase name="canRemoveFileExtension" classname="it.hackcaffebabe.ioutil.normalizer.TestStringNormalizer" time="0.001"/>
  <testcase name="canRemoveAccentCharacters" classname="it.hackcaffebabe.ioutil.normalizer.TestStringNormalizer" time="0.001"/>
  <testcase name="canRemovePathCharacters" classname="it.hackcaffebabe.ioutil.normalizer.TestStringNormalizer" time="0.0"/>
  <testcase name="canRemoveAccentedCharactersFromEmptyString" classname="it.hackcaffebabe.ioutil.normalizer.TestStringNormalizer" time="0.0"/>
  <testcase name="canRemoveAccentedCharactersFromNullString" classname="it.hackcaffebabe.ioutil.normalizer.TestStringNormalizer" time="0.0"/>
  <testcase name="canRemoveFileExtensionFromEmptyString" classname="it.hackcaffebabe.ioutil.normalizer.TestStringNormalizer" time="0.0"/>
  <system-out><![CDATA[]]></system-out>
  <system-err><![CDATA[]]></system-err>
</testsuite>
