<?xml version="1.0" encoding="UTF-8"?>
<testsuite name="it.hackcaffebabe.ioutil.regexp.TestRegExp" tests="13" skipped="0" failures="0" errors="0" timestamp="2014-10-13T12:47:31" hostname="voyager" time="0.007">
  <properties/>
  <testcase name="testContainsSpecialCharactersWithEmptyString" classname="it.hackcaffebabe.ioutil.regexp.TestRegExp" time="0.0"/>
  <testcase name="testValidPhoneNumberWithNullString" classname="it.hackcaffebabe.ioutil.regexp.TestRegExp" time="0.0"/>
  <testcase name="testValidPhoneNumberWithEmptyString" classname="it.hackcaffebabe.ioutil.regexp.TestRegExp" time="0.001"/>
  <testcase name="testValidEmailWithNullString" classname="it.hackcaffebabe.ioutil.regexp.TestRegExp" time="0.0"/>
  <testcase name="testValidEmailWithEmptyString" classname="it.hackcaffebabe.ioutil.regexp.TestRegExp" time="0.0"/>
  <testcase name="testValidDateWithNullString" classname="it.hackcaffebabe.ioutil.regexp.TestRegExp" time="0.0"/>
  <testcase name="testValidDateWithEmptyString" classname="it.hackcaffebabe.ioutil.regexp.TestRegExp" time="0.0"/>
  <testcase name="testAll" classname="it.hackcaffebabe.ioutil.regexp.TestRegExp" time="0.001"/>
  <testcase name="testContainsNumbersWithNullString" classname="it.hackcaffebabe.ioutil.regexp.TestRegExp" time="0.001"/>
  <testcase name="testContainsNumbersWithEmptyString" classname="it.hackcaffebabe.ioutil.regexp.TestRegExp" time="0.0"/>
  <testcase name="testContainsLettersWithNullString" classname="it.hackcaffebabe.ioutil.regexp.TestRegExp" time="0.0"/>
  <testcase name="testContainsLettersWithEmptyString" classname="it.hackcaffebabe.ioutil.regexp.TestRegExp" time="0.0"/>
  <testcase name="testContainsSpecialCharactersWithNullString" classname="it.hackcaffebabe.ioutil.regexp.TestRegExp" time="0.0"/>
  <system-out><![CDATA[]]></system-out>
  <system-err><![CDATA[]]></system-err>
</testsuite>
