<?xml version="1.0" encoding="UTF-8"?>
<testsuite name="it.hackcaffebabe.ioutil.file.TestPathUtil" tests="6" skipped="0" failures="0" errors="0" timestamp="2014-10-13T12:47:31" hostname="voyager" time="0.004">
  <properties/>
  <testcase name="testCopyDirectoryWithFileAsSource" classname="it.hackcaffebabe.ioutil.file.TestPathUtil" time="0.002"/>
  <testcase name="testCopyDirectoryWithFileAsDestination" classname="it.hackcaffebabe.ioutil.file.TestPathUtil" time="0.0"/>
  <testcase name="testCopyDirectoryWithNullSource" classname="it.hackcaffebabe.ioutil.file.TestPathUtil" time="0.0"/>
  <testcase name="testCopyDirectory" classname="it.hackcaffebabe.ioutil.file.TestPathUtil" time="0.0"/>
  <testcase name="testCopyDirectoryWithNotExistingSource" classname="it.hackcaffebabe.ioutil.file.TestPathUtil" time="0.0"/>
  <testcase name="testCopyDirectoryWithSameSourceAndDestination" classname="it.hackcaffebabe.ioutil.file.TestPathUtil" time="0.0"/>
  <system-out><![CDATA[]]></system-out>
  <system-err><![CDATA[]]></system-err>
</testsuite>
